<?xml version="1.0" encoding="UTF-8"?>
<!-- Generated by org.testng.reporters.JUnitReportReporter -->
<testsuite hostname="Davidenko" name="com.prizy.pricer.seleniumTests.scenarios.CreateProductsTest" tests="3" failures="0" timestamp="10 Sep 2015 03:26:58 GMT" time="5.774" errors="0">
  <testcase name="createPrizyPricerProductWithoutDescription" time="0.713" classname="com.prizy.pricer.seleniumTests.scenarios.CreateProductsTest"/>
  <testcase name="createPrizyPricerProducts" time="4.047" classname="com.prizy.pricer.seleniumTests.scenarios.CreateProductsTest"/>
  <testcase name="createPrizyPricerProductWithoutBarCode" time="1.014" classname="com.prizy.pricer.seleniumTests.scenarios.CreateProductsTest"/>
</testsuite> <!-- com.prizy.pricer.seleniumTests.scenarios.CreateProductsTest -->
